<?xml version="1.0" encoding="UTF-8"?>
<testsuite name="NumberToolsTest" tests="2" skipped="0" failures="0" errors="0" timestamp="2022-09-26T12:31:01" hostname="DESKTOP-FI85UEG" time="0.024">
  <properties/>
  <testcase name="testParse" classname="NumberToolsTest" time="0.008"/>
  <testcase name="testComputeStatistic" classname="NumberToolsTest" time="0.016"/>
  <system-out><![CDATA[]]></system-out>
  <system-err><![CDATA[]]></system-err>
</testsuite>
